# JRE version: Java(TM) SE Runtime Environment (8.0_191-b12) (build 1.8.0_191-b12)
# Java VM: Java HotSpot(TM) Client VM (25.191-b12 mixed mode windows-x86 )
Heap:
 def new generation   total 150144K, used 24768K [0x05000000, 0x0f2e0000, 0x0faa0000)
  eden space 133504K,  18% used [0x05000000, 0x06830380, 0x0d260000)
  from space 16640K,   0% used [0x0d260000, 0x0d260000, 0x0e2a0000)
  to   space 16640K,   0% used [0x0e2a0000, 0x0e2a0000, 0x0f2e0000)
 tenured generation   total 333520K, used 200111K [0x0faa0000, 0x24054000, 0x25000000)
   the space 333520K,  59% used [0x0faa0000, 0x1be0bf98, 0x1be0c000, 0x24054000)
 Metaspace       used 25395K, capacity 25920K, committed 25984K, reserved 25984K
GC Heap History (10 events):
Event: 8114.367 GC heap before
{Heap before GC invocations=22 (full 3):
 def new generation   total 73472K, used 67966K [0x05000000, 0x09fb0000, 0x0faa0000)
  eden space 65344K,  99% used [0x05000000, 0x08f8f7d0, 0x08fd0000)
  from space 8128K,  35% used [0x08fd0000, 0x092a0128, 0x097c0000)
  to   space 8128K,   0% used [0x097c0000, 0x097c0000, 0x09fb0000)
 tenured generation   total 163060K, used 144273K [0x0faa0000, 0x199dd000, 0x25000000)
   the space 163060K,  88% used [0x0faa0000, 0x18784708, 0x18784800, 0x199dd000)
 Metaspace       used 25329K, capacity 25879K, committed 25984K, reserved 25984K
Event: 8114.374 GC heap after
Heap after GC invocations=23 (full 3):
 def new generation   total 73472K, used 6949K [0x05000000, 0x09fb0000, 0x0faa0000)
  eden space 65344K,   0% used [0x05000000, 0x05000000, 0x08fd0000)
  from space 8128K,  85% used [0x097c0000, 0x09e89638, 0x09fb0000)
  to   space 8128K,   0% used [0x08fd0000, 0x08fd0000, 0x097c0000)
 tenured generation   total 163060K, used 146321K [0x0faa0000, 0x199dd000, 0x25000000)
   the space 163060K,  89% used [0x0faa0000, 0x18984718, 0x18984800, 0x199dd000)
 Metaspace       used 25329K, capacity 25879K, committed 25984K, reserved 25984K
}
Event: 8115.715 GC heap before
{Heap before GC invocations=23 (full 3):
 def new generation   total 73472K, used 72293K [0x05000000, 0x09fb0000, 0x0faa0000)
  eden space 65344K, 100% used [0x05000000, 0x08fd0000, 0x08fd0000)
  from space 8128K,  85% used [0x097c0000, 0x09e89638, 0x09fb0000)
  to   space 8128K,   0% used [0x08fd0000, 0x08fd0000, 0x097c0000)
 tenured generation   total 163060K, used 146321K [0x0faa0000, 0x199dd000, 0x25000000)
   the space 163060K,  89% used [0x0faa0000, 0x18984718, 0x18984800, 0x199dd000)
 Metaspace       used 25329K, capacity 25879K, committed 25984K, reserved 25984K
Event: 8115.752 GC heap after
Heap after GC invocations=24 (full 3):
 def new generation   total 73472K, used 8128K [0x05000000, 0x09fb0000, 0x0faa0000)
  eden space 65344K,   0% used [0x05000000, 0x05000000, 0x08fd0000)
  from space 8128K, 100% used [0x08fd0000, 0x097c0000, 0x097c0000)
  to   space 8128K,   0% used [0x097c0000, 0x097c0000, 0x09fb0000)
 tenured generation   total 163060K, used 158102K [0x0faa0000, 0x199dd000, 0x25000000)
   the space 163060K,  96% used [0x0faa0000, 0x19505aa8, 0x19505c00, 0x199dd000)
 Metaspace       used 25329K, capacity 25879K, committed 25984K, reserved 25984K
}
Event: 8116.945 GC heap before
{Heap before GC invocations=24 (full 3):
 def new generation   total 73472K, used 72921K [0x05000000, 0x09fb0000, 0x0faa0000)
  eden space 65344K,  99% used [0x05000000, 0x08f46468, 0x08fd0000)
  from space 8128K, 100% used [0x08fd0000, 0x097c0000, 0x097c0000)
  to   space 8128K,   0% used [0x097c0000, 0x097c0000, 0x09fb0000)
 tenured generation   total 163060K, used 158102K [0x0faa0000, 0x199dd000, 0x25000000)
   the space 163060K,  96% used [0x0faa0000, 0x19505aa8, 0x19505c00, 0x199dd000)
 Metaspace       used 25329K, capacity 25879K, committed 25984K, reserved 25984K
Event: 8117.233 GC heap after
Heap after GC invocations=25 (full 4):
 def new generation   total 79744K, used 0K [0x05000000, 0x0a680000, 0x0faa0000)
  eden space 70912K,   0% used [0x05000000, 0x05000000, 0x09540000)
  from space 8832K,   0% used [0x09540000, 0x09540000, 0x09de0000)
  to   space 8832K,   0% used [0x09de0000, 0x09de0000, 0x0a680000)
 tenured generation   total 177072K, used 106241K [0x0faa0000, 0x1a78c000, 0x25000000)
   the space 177072K,  59% used [0x0faa0000, 0x16260408, 0x16260600, 0x1a78c000)
 Metaspace       used 25285K, capacity 25821K, committed 25984K, reserved 25984K
}
Event: 8117.752 GC heap before
{Heap before GC invocations=25 (full 4):
 def new generation   total 79744K, used 70912K [0x05000000, 0x0a680000, 0x0faa0000)
  eden space 70912K, 100% used [0x05000000, 0x09540000, 0x09540000)
  from space 8832K,   0% used [0x09540000, 0x09540000, 0x09de0000)
  to   space 8832K,   0% used [0x09de0000, 0x09de0000, 0x0a680000)
 tenured generation   total 177072K, used 106241K [0x0faa0000, 0x1a78c000, 0x25000000)
   the space 177072K,  59% used [0x0faa0000, 0x16260408, 0x16260600, 0x1a78c000)
 Metaspace       used 25359K, capacity 25888K, committed 25984K, reserved 25984K
Event: 8117.834 GC heap after
Heap after GC invocations=26 (full 4):
 def new generation   total 79744K, used 8832K [0x05000000, 0x0a680000, 0x0faa0000)
  eden space 70912K,   0% used [0x05000000, 0x05000000, 0x09540000)
  from space 8832K, 100% used [0x09de0000, 0x0a680000, 0x0a680000)
  to   space 8832K,   0% used [0x09540000, 0x09540000, 0x09de0000)
 tenured generation   total 177072K, used 136622K [0x0faa0000, 0x1a78c000, 0x25000000)
   the space 177072K,  77% used [0x0faa0000, 0x1800ba08, 0x1800bc00, 0x1a78c000)
 Metaspace       used 25359K, capacity 25888K, committed 25984K, reserved 25984K
}
Event: 8117.999 GC heap before
{Heap before GC invocations=26 (full 4):
 def new generation   total 79744K, used 79744K [0x05000000, 0x0a680000, 0x0faa0000)
  eden space 70912K, 100% used [0x05000000, 0x09540000, 0x09540000)
  from space 8832K, 100% used [0x09de0000, 0x0a680000, 0x0a680000)
  to   space 8832K,   0% used [0x09540000, 0x09540000, 0x09de0000)
 tenured generation   total 177072K, used 136622K [0x0faa0000, 0x1a78c000, 0x25000000)
   the space 177072K,  77% used [0x0faa0000, 0x1800ba08, 0x1800bc00, 0x1a78c000)
 Metaspace       used 25359K, capacity 25888K, committed 25984K, reserved 25984K
Event: 8118.619 GC heap after
Heap after GC invocations=27 (full 5):
 def new generation   total 150144K, used 7917K [0x05000000, 0x0f2e0000, 0x0faa0000)
  eden space 133504K,   5% used [0x05000000, 0x057bb690, 0x0d260000)
  from space 16640K,   0% used [0x0d260000, 0x0d260000, 0x0e2a0000)
  to   space 16640K,   0% used [0x0e2a0000, 0x0e2a0000, 0x0f2e0000)
 tenured generation   total 333520K, used 200111K [0x0faa0000, 0x24054000, 0x25000000)
   the space 333520K,  59% used [0x0faa0000, 0x1be0bf98, 0x1be0c000, 0x24054000)
 Metaspace       used 25359K, capacity 25888K, committed 25984K, reserved 25984K
}

